00000000                            ; ========================================================
00000000                            ; CD Side
00000000                            ; ========================================================
00000000                            
00000000 5345 4741 4449 5343 5359+  		dc.b "SEGADISCSYSTEM  "		; Disc Type (Must be SEGADISCSYSTEM)
00000010 5941 434F 5055 2D43 4420+  		dc.b "YACOPU-CD  ",0		; Disc ID
0000001C 0100 0001                  		dc.w $100,1			; System ID, Type
00000020 5941 434F 5055 2D53 5953+  		dc.b "YACOPU-SYS ",0		; System Name
0000002C 0000 0000                  		dc.w 0,0			; System Version, Type
00000030 0000 0000                  		dc.l IP_Start
00000034 0000 0000                  		dc.l IP_End
00000038 0000 0000                  		dc.l 0
0000003C 0000 0000                  		dc.l 0
00000040 0000 0000                  		dc.l SP_Start
00000044 0000 0000                  		dc.l SP_End
00000048 0000 0000                  		dc.l 0
0000004C 0000 0000                  		dc.l 0
00000050                            
00000050 0000 0000 0000 0000 0000+  		cnop 0,$100			; Pad to $100
00000100 5345 4741 204D 4547 4120+  		dc.b "SEGA MEGA DRIVE "
00000110 2843 2947 4636 3420 3230+  		dc.b "(C)GF64 2016.???"
00000120 3F3F 3F3F 3F3F 3F3F 3F3F+  		dc.b "???????????????????                             "
00000150 4C61 636B 206F 6620 6964+                  dc.b "Lack of ideas: the videogame CD                 "
00000180 474D 2048 4F4D 4542 5245+  		dc.b "GM HOMEBREW-00  "
00000190 4A20 2020 2020 2020 2020+  		dc.b "J               "
000001A0 0000 0000 0000 0000 0000+  		cnop 0,$1F0
000001F0 5520 2020 2020 2020 2020+  		dc.b "U               "
00000200                            
00000200                            ; ========================================================
00000200                            ; -------------------------------------------------
00000200                            ; IP
00000200                            ; -------------------------------------------------
00000200                            
00000200                            		incbin "cd/region/usa.bin"
00000784                            
00000784 6000 0000                  		bra	IP_Start
00000788 0000 0000 0000 0000 0000+  		cnop 0,$800
00000800                            IP_Start:
00000800                            		incbin "cd/main.bin"
0000162E                            		cnop 0,$800
00001800                            IP_End:
00001800                            		even
00001800                            		
00001800                            ; ========================================================
00001800                            ; -------------------------------------------------
00001800                            ; SP
00001800                            ; -------------------------------------------------
00001800                            
00001800                            		cnop 0,$800
00001800                            SP_Start:
00001800                            		incbin "cd/sub.bin"
00002174                            		cnop 0,$800
00002800                            SP_End:
00002800                            		even
00002800                            		
00002800                            ; ========================================================
00002800                            ; -------------------------------------------------
00002800                            ; CD Filesystem
00002800                            ; -------------------------------------------------
00002800                            
00002800                            		cnop 0,$8000
00008000                            		incbin	"cd/fs.bin",$8000
000FC800                             		
000FC800                            ; ========================================================
000FC800                            
000FC800                            		inform 0,"CD SIZE: %h",*		;MAX: $CDFE2E0
000FC800                            		cnop 0,$100000
